<?xml version="1.0" encoding="UTF-8"?>
<!-- Generated by org.testng.reporters.JUnitXMLReporter -->
<testsuite ignored="0" hostname="Poseidon" failures="1" tests="8" name="Surefire test" time="63.791" errors="0" timestamp="2025-01-26T21:55:51 IST">
  <testcase classname="com.selenium.qa.tes.LoginTest" name="validCred" time="2.108"/>
  <testcase classname="com.selenium.qa.tes.LoginTest" name="validCred" time="1.899"/>
  <testcase classname="com.selenium.qa.tes.LoginTest" name="validCred" time="1.935"/>
  <testcase classname="com.selenium.qa.tes.LoginTest" name="invalidCrede" time="1.726"/>
  <testcase classname="com.selenium.qa.tes.LoginTest" name="invalidPasswordCrede" time="2.164"/>
  <testcase classname="com.selenium.qa.tes.LoginTest" name="invalidEmailCrede" time="2.068">
    <failure type="java.lang.AssertionError" message="expected:&amp;lt;Warning: No match for E-Mail Address and/or Password.&amp;gt; but was:&amp;lt;anupam&amp;gt;">
      <![CDATA[java.lang.AssertionError: expected:<Warning: No match for E-Mail Address and/or Password.> but was:<anupam>
at com.selenium.qa.tes.LoginTest.invalidEmailCrede(LoginTest.java:93)
at java.base/java.util.ArrayList.forEach(ArrayList.java:1596)
... Removed 32 stack frames]]>
    </failure>
  </testcase> <!-- invalidEmailCrede -->
  <testcase classname="com.selenium.qa.tes.RegisterTest" name="validCredi" time="3.104"/>
  <testcase classname="com.selenium.qa.tes.RegisterTest" name="invalidcred" time="2.892"/>
</testsuite> <!-- Surefire test -->
