<?xml version="1.0" encoding="UTF-8"?>
<!-- Generated by org.testng.reporters.JUnitReportReporter -->
<testsuite hostname="Poseidon" failures="0" tests="2" name="com.selenium.qa.tes.RegisterTest" time="14.213" errors="0" timestamp="2025-01-26T21:35:07 IST" skipped="0">
  <testcase classname="com.selenium.qa.tes.RegisterTest" name="validCredi" time="6.944"/>
  <testcase classname="com.selenium.qa.tes.RegisterTest" name="invalidcred" time="7.269"/>
</testsuite> <!-- com.selenium.qa.tes.RegisterTest -->
