<?xml version="1.0" encoding="UTF-8"?>
<testng-results ignored="0" total="6" passed="5" failed="1" skipped="0">
  <reporter-output>
  </reporter-output>
  <suite started-at="2025-01-26T21:23:17 IST" name="Testing" finished-at="2025-01-26T21:24:00 IST" duration-ms="43094">
    <groups>
    </groups>
    <test started-at="2025-01-26T21:23:17 IST" name="Automation" finished-at="2025-01-26T21:24:00 IST" duration-ms="43094">
      <class name="com.selenium.qa.tes.Login">
        <test-method is-config="true" signature="setup(org.testng.ITestContext)[pri:0, instance:com.selenium.qa.tes.Login@44821a96]" started-at="2025-01-26T21:23:18 IST" name="setup" finished-at="2025-01-26T21:23:23 IST" duration-ms="4900" status="PASS">
          <params>
            <param index="0">
              <value>
                <![CDATA[org.testng.TestRunner@186d8a71]]>
              </value>
            </param>
          </params>
          <reporter-output>
          </reporter-output>
        </test-method> <!-- setup -->
        <test-method signature="validCred(java.lang.String,java.lang.String)[pri:1, instance:com.selenium.qa.tes.Login@44821a96]" started-at="2025-01-26T21:23:23 IST" name="validCred" data-provider="data" finished-at="2025-01-26T21:23:25 IST" duration-ms="1838" status="PASS">
          <params>
            <param index="0">
              <value>
                <![CDATA[anupam9837@gmail.com]]>
              </value>
            </param>
            <param index="1">
              <value>
                <![CDATA[12345]]>
              </value>
            </param>
          </params>
          <reporter-output>
          </reporter-output>
        </test-method> <!-- validCred -->
        <test-method is-config="true" signature="tearDown()[pri:0, instance:com.selenium.qa.tes.Login@44821a96]" started-at="2025-01-26T21:23:25 IST" name="tearDown" finished-at="2025-01-26T21:23:26 IST" duration-ms="672" status="PASS">
          <reporter-output>
          </reporter-output>
        </test-method> <!-- tearDown -->
        <test-method is-config="true" signature="setup(org.testng.ITestContext)[pri:0, instance:com.selenium.qa.tes.Login@44821a96]" started-at="2025-01-26T21:23:26 IST" name="setup" finished-at="2025-01-26T21:23:29 IST" duration-ms="3504" status="PASS">
          <params>
            <param index="0">
              <value>
                <![CDATA[org.testng.TestRunner@186d8a71]]>
              </value>
            </param>
          </params>
          <reporter-output>
          </reporter-output>
        </test-method> <!-- setup -->
        <test-method signature="validCred(java.lang.String,java.lang.String)[pri:1, instance:com.selenium.qa.tes.Login@44821a96]" started-at="2025-01-26T21:23:29 IST" name="validCred" data-provider="data" finished-at="2025-01-26T21:23:31 IST" duration-ms="1799" status="PASS">
          <params>
            <param index="0">
              <value>
                <![CDATA[anupam983@gmail.com]]>
              </value>
            </param>
            <param index="1">
              <value>
                <![CDATA[12345]]>
              </value>
            </param>
          </params>
          <reporter-output>
          </reporter-output>
        </test-method> <!-- validCred -->
        <test-method is-config="true" signature="tearDown()[pri:0, instance:com.selenium.qa.tes.Login@44821a96]" started-at="2025-01-26T21:23:31 IST" name="tearDown" finished-at="2025-01-26T21:23:32 IST" duration-ms="641" status="PASS">
          <reporter-output>
          </reporter-output>
        </test-method> <!-- tearDown -->
        <test-method is-config="true" signature="setup(org.testng.ITestContext)[pri:0, instance:com.selenium.qa.tes.Login@44821a96]" started-at="2025-01-26T21:23:32 IST" name="setup" finished-at="2025-01-26T21:23:35 IST" duration-ms="3501" status="PASS">
          <params>
            <param index="0">
              <value>
                <![CDATA[org.testng.TestRunner@186d8a71]]>
              </value>
            </param>
          </params>
          <reporter-output>
          </reporter-output>
        </test-method> <!-- setup -->
        <test-method signature="validCred(java.lang.String,java.lang.String)[pri:1, instance:com.selenium.qa.tes.Login@44821a96]" started-at="2025-01-26T21:23:35 IST" name="validCred" data-provider="data" finished-at="2025-01-26T21:23:37 IST" duration-ms="1851" status="PASS">
          <params>
            <param index="0">
              <value>
                <![CDATA[anupam98@gmail.com]]>
              </value>
            </param>
            <param index="1">
              <value>
                <![CDATA[12345]]>
              </value>
            </param>
          </params>
          <reporter-output>
          </reporter-output>
        </test-method> <!-- validCred -->
        <test-method is-config="true" signature="tearDown()[pri:0, instance:com.selenium.qa.tes.Login@44821a96]" started-at="2025-01-26T21:23:37 IST" name="tearDown" finished-at="2025-01-26T21:23:38 IST" duration-ms="572" status="PASS">
          <reporter-output>
          </reporter-output>
        </test-method> <!-- tearDown -->
        <test-method is-config="true" signature="setup(org.testng.ITestContext)[pri:0, instance:com.selenium.qa.tes.Login@44821a96]" started-at="2025-01-26T21:23:38 IST" name="setup" finished-at="2025-01-26T21:23:42 IST" duration-ms="4147" status="PASS">
          <params>
            <param index="0">
              <value>
                <![CDATA[org.testng.TestRunner@186d8a71]]>
              </value>
            </param>
          </params>
          <reporter-output>
          </reporter-output>
        </test-method> <!-- setup -->
        <test-method signature="invalidCrede()[pri:2, instance:com.selenium.qa.tes.Login@44821a96]" started-at="2025-01-26T21:23:42 IST" name="invalidCrede" finished-at="2025-01-26T21:23:44 IST" duration-ms="1833" status="PASS">
          <reporter-output>
          </reporter-output>
        </test-method> <!-- invalidCrede -->
        <test-method is-config="true" signature="tearDown()[pri:0, instance:com.selenium.qa.tes.Login@44821a96]" started-at="2025-01-26T21:23:44 IST" name="tearDown" finished-at="2025-01-26T21:23:44 IST" duration-ms="533" status="PASS">
          <reporter-output>
          </reporter-output>
        </test-method> <!-- tearDown -->
        <test-method is-config="true" signature="setup(org.testng.ITestContext)[pri:0, instance:com.selenium.qa.tes.Login@44821a96]" started-at="2025-01-26T21:23:44 IST" name="setup" finished-at="2025-01-26T21:23:51 IST" duration-ms="6471" status="PASS">
          <params>
            <param index="0">
              <value>
                <![CDATA[org.testng.TestRunner@186d8a71]]>
              </value>
            </param>
          </params>
          <reporter-output>
          </reporter-output>
        </test-method> <!-- setup -->
        <test-method signature="invalidPasswordCrede()[pri:3, instance:com.selenium.qa.tes.Login@44821a96]" started-at="2025-01-26T21:23:51 IST" name="invalidPasswordCrede" finished-at="2025-01-26T21:23:53 IST" duration-ms="2054" status="PASS">
          <reporter-output>
          </reporter-output>
        </test-method> <!-- invalidPasswordCrede -->
        <test-method is-config="true" signature="tearDown()[pri:0, instance:com.selenium.qa.tes.Login@44821a96]" started-at="2025-01-26T21:23:53 IST" name="tearDown" finished-at="2025-01-26T21:23:54 IST" duration-ms="715" status="PASS">
          <reporter-output>
          </reporter-output>
        </test-method> <!-- tearDown -->
        <test-method is-config="true" signature="setup(org.testng.ITestContext)[pri:0, instance:com.selenium.qa.tes.Login@44821a96]" started-at="2025-01-26T21:23:54 IST" name="setup" finished-at="2025-01-26T21:23:57 IST" duration-ms="3624" status="PASS">
          <params>
            <param index="0">
              <value>
                <![CDATA[org.testng.TestRunner@186d8a71]]>
              </value>
            </param>
          </params>
          <reporter-output>
          </reporter-output>
        </test-method> <!-- setup -->
        <test-method signature="invalidEmailCrede()[pri:4, instance:com.selenium.qa.tes.Login@44821a96]" started-at="2025-01-26T21:23:57 IST" name="invalidEmailCrede" finished-at="2025-01-26T21:23:59 IST" duration-ms="1834" status="FAIL">
          <exception class="java.lang.AssertionError">
            <message>
              <![CDATA[expected:<Warning: No match for E-Mail Address and/or Password.> but was:<anupam>]]>
            </message>
            <full-stacktrace>
              <![CDATA[java.lang.AssertionError: expected:<Warning: No match for E-Mail Address and/or Password.> but was:<anupam>
at org.testng.AssertJUnit.assertEquals(AssertJUnit.java:115)
at org.testng.AssertJUnit.assertEquals(AssertJUnit.java:125)
at com.selenium.qa.tes.Login.invalidEmailCrede(Login.java:93)
at java.base/jdk.internal.reflect.DirectMethodHandleAccessor.invoke(DirectMethodHandleAccessor.java:103)
at java.base/java.lang.reflect.Method.invoke(Method.java:580)
at org.testng.internal.invokers.MethodInvocationHelper.invokeMethod(MethodInvocationHelper.java:139)
at org.testng.internal.invokers.TestInvoker.invokeMethod(TestInvoker.java:664)
at org.testng.internal.invokers.TestInvoker.invokeTestMethod(TestInvoker.java:228)
at org.testng.internal.invokers.MethodRunner.runInSequence(MethodRunner.java:63)
at org.testng.internal.invokers.TestInvoker$MethodInvocationAgent.invoke(TestInvoker.java:961)
at org.testng.internal.invokers.TestInvoker.invokeTestMethods(TestInvoker.java:201)
at org.testng.internal.invokers.TestMethodWorker.invokeTestMethods(TestMethodWorker.java:148)
at org.testng.internal.invokers.TestMethodWorker.run(TestMethodWorker.java:128)
at java.base/java.util.ArrayList.forEach(ArrayList.java:1596)
at org.testng.TestRunner.privateRun(TestRunner.java:819)
at org.testng.TestRunner.run(TestRunner.java:619)
at org.testng.SuiteRunner.runTest(SuiteRunner.java:443)
at org.testng.SuiteRunner.runSequentially(SuiteRunner.java:437)
at org.testng.SuiteRunner.privateRun(SuiteRunner.java:397)
at org.testng.SuiteRunner.run(SuiteRunner.java:336)
at org.testng.SuiteRunnerWorker.runSuite(SuiteRunnerWorker.java:52)
at org.testng.SuiteRunnerWorker.run(SuiteRunnerWorker.java:95)
at org.testng.TestNG.runSuitesSequentially(TestNG.java:1301)
at org.testng.TestNG.runSuitesLocally(TestNG.java:1228)
at org.testng.TestNG.runSuites(TestNG.java:1134)
at org.testng.TestNG.run(TestNG.java:1101)
at org.testng.remote.AbstractRemoteTestNG.run(AbstractRemoteTestNG.java:115)
at org.testng.remote.RemoteTestNG.initAndRun(RemoteTestNG.java:293)
at org.testng.remote.RemoteTestNG.main(RemoteTestNG.java:91)
]]>
            </full-stacktrace>
          </exception> <!-- java.lang.AssertionError -->
          <reporter-output>
          </reporter-output>
        </test-method> <!-- invalidEmailCrede -->
        <test-method is-config="true" signature="tearDown()[pri:0, instance:com.selenium.qa.tes.Login@44821a96]" started-at="2025-01-26T21:23:59 IST" name="tearDown" finished-at="2025-01-26T21:24:00 IST" duration-ms="508" status="PASS">
          <reporter-output>
          </reporter-output>
        </test-method> <!-- tearDown -->
      </class> <!-- com.selenium.qa.tes.Login -->
    </test> <!-- Automation -->
  </suite> <!-- Testing -->
</testng-results>
