<?xml version="1.0" encoding="UTF-8"?>
<!-- Generated by org.testng.reporters.JUnitXMLReporter -->
<testsuite ignored="0" hostname="Poseidon" failures="1" tests="8" name="Surefire test" time="56.109" errors="0" timestamp="2025-01-26T21:35:07 IST">
  <testcase classname="com.selenium.qa.tes.LoginTest" name="validCred" time="1.884"/>
  <testcase classname="com.selenium.qa.tes.LoginTest" name="validCred" time="1.847"/>
  <testcase classname="com.selenium.qa.tes.LoginTest" name="validCred" time="1.812"/>
  <testcase classname="com.selenium.qa.tes.LoginTest" name="invalidCrede" time="1.861"/>
  <testcase classname="com.selenium.qa.tes.LoginTest" name="invalidPasswordCrede" time="2.136"/>
  <testcase classname="com.selenium.qa.tes.LoginTest" name="invalidEmailCrede" time="1.785">
    <failure type="java.lang.AssertionError" message="expected:&amp;lt;Warning: No match for E-Mail Address and/or Password.&amp;gt; but was:&amp;lt;anupam&amp;gt;">
      <![CDATA[java.lang.AssertionError: expected:<Warning: No match for E-Mail Address and/or Password.> but was:<anupam>
at com.selenium.qa.tes.LoginTest.invalidEmailCrede(LoginTest.java:93)
at java.base/java.util.ArrayList.forEach(ArrayList.java:1596)
... Removed 32 stack frames]]>
    </failure>
  </testcase> <!-- invalidEmailCrede -->
  <testcase classname="com.selenium.qa.tes.RegisterTest" name="validCredi" time="3.127"/>
  <testcase classname="com.selenium.qa.tes.RegisterTest" name="invalidcred" time="3.177"/>
</testsuite> <!-- Surefire test -->
