<?xml version="1.0" encoding="UTF-8"?>
<!-- Generated by org.testng.reporters.JUnitXMLReporter -->
<testsuite ignored="0" hostname="Poseidon" failures="0" tests="6" name="firefox" time="9.036" errors="0" timestamp="2025-03-16T14:50:04 IST">
  <testcase classname="com.selenium.qa.tes.LoginTest" name="@BeforeMethod setup" time="8.559">
    <failure type="org.openqa.selenium.TimeoutException" message="timeout: Timed out receiving message from renderer: -0.033
  (Session info: MicrosoftEdge=128.0.2739.42)
Build info: version: &amp;apos;4.28.1&amp;apos;, revision: &amp;apos;73f5ad48a2&amp;apos;
System info: os.name: &amp;apos;Windows 11&amp;apos;, os.arch: &amp;apos;amd64&amp;apos;, os.version: &amp;apos;10.0&amp;apos;, java.version: &amp;apos;21.0.4&amp;apos;
Driver info: org.openqa.selenium.remote.RemoteWebDriver
Command: [d71352f9f66f207aac396d0eb0488d6d, get {url=https://tutorialsninja.com/demo/}]
Capabilities {acceptInsecureCerts: false, browserName: MicrosoftEdge, browserVersion: 128.0.2739.42, fedcm:accounts: true, ms:edgeOptions: {debuggerAddress: localhost:37057}, msedge: {msedgedriverVersion: 128.0.2739.81 (8bf7d8da41a7..., userDataDir: /tmp/.com.microsoft.Edge.Ih...}, networkConnectionEnabled: false, pageLoadStrategy: normal, platformName: linux, proxy: Proxy(), se:bidiEnabled: false, se:cdp: ws://192.168.0.101:4444/ses..., se:cdpVersion: 128.0.2739.42, setWindowRect: true, strictFileInteractability: false, timeouts: {implicit: 0, pageLoad: 300000, script: 30000}, unhandledPromptBehavior: dismiss and notify, webauthn:extension:credBlob: true, webauthn:extension:largeBlob: true, webauthn:extension:minPinLength: true, webauthn:extension:prf: true, webauthn:virtualAuthenticators: true}
Session ID: d71352f9f66f207aac396d0eb0488d6d">
      <![CDATA[org.openqa.selenium.TimeoutException: timeout: Timed out receiving message from renderer: -0.033
  (Session info: MicrosoftEdge=128.0.2739.42)
Build info: version: '4.28.1', revision: '73f5ad48a2'
System info: os.name: 'Windows 11', os.arch: 'amd64', os.version: '10.0', java.version: '21.0.4'
Driver info: org.openqa.selenium.remote.RemoteWebDriver
Command: [d71352f9f66f207aac396d0eb0488d6d, get {url=https://tutorialsninja.com/demo/}]
Capabilities {acceptInsecureCerts: false, browserName: MicrosoftEdge, browserVersion: 128.0.2739.42, fedcm:accounts: true, ms:edgeOptions: {debuggerAddress: localhost:37057}, msedge: {msedgedriverVersion: 128.0.2739.81 (8bf7d8da41a7..., userDataDir: /tmp/.com.microsoft.Edge.Ih...}, networkConnectionEnabled: false, pageLoadStrategy: normal, platformName: linux, proxy: Proxy(), se:bidiEnabled: false, se:cdp: ws://192.168.0.101:4444/ses..., se:cdpVersion: 128.0.2739.42, setWindowRect: true, strictFileInteractability: false, timeouts: {implicit: 0, pageLoad: 300000, script: 30000}, unhandledPromptBehavior: dismiss and notify, webauthn:extension:credBlob: true, webauthn:extension:largeBlob: true, webauthn:extension:minPinLength: true, webauthn:extension:prf: true, webauthn:virtualAuthenticators: true}
Session ID: d71352f9f66f207aac396d0eb0488d6d
at org.openqa.selenium.remote.ErrorCodec.decode(ErrorCodec.java:167)
at org.openqa.selenium.remote.codec.w3c.W3CHttpResponseCodec.decode(W3CHttpResponseCodec.java:138)
at org.openqa.selenium.remote.codec.w3c.W3CHttpResponseCodec.decode(W3CHttpResponseCodec.java:50)
at org.openqa.selenium.remote.HttpCommandExecutor.execute(HttpCommandExecutor.java:215)
at org.openqa.selenium.remote.TracedCommandExecutor.execute(TracedCommandExecutor.java:53)
at org.openqa.selenium.remote.RemoteWebDriver.execute(RemoteWebDriver.java:545)
at org.openqa.selenium.remote.RemoteWebDriver.get(RemoteWebDriver.java:313)
at Base.BaseC.seleniumGrid(BaseC.java:84)
at com.selenium.qa.tes.LoginTest.setup(LoginTest.java:55)
at java.base/java.util.ArrayList.forEach(ArrayList.java:1596)
at java.base/java.util.concurrent.FutureTask.run(FutureTask.java:317)
at java.base/java.util.concurrent.ThreadPoolExecutor.runWorker(ThreadPoolExecutor.java:1144)
at java.base/java.util.concurrent.ThreadPoolExecutor$Worker.run(ThreadPoolExecutor.java:642)
at java.base/java.lang.Thread.run(Thread.java:1583)
... Removed 23 stack frames]]>
    </failure>
  </testcase> <!-- @BeforeMethod setup -->
  <testcase classname="com.selenium.qa.tes.LoginTest" name="@AfterMethod tearDown" time="-1.742116804156E9">
    <skipped/>
  </testcase> <!-- @AfterMethod tearDown -->
  <testcase classname="com.selenium.qa.tes.LoginTest" name="@BeforeMethod setup" time="-1.742116804157E9">
    <skipped/>
  </testcase> <!-- @BeforeMethod setup -->
  <testcase classname="com.selenium.qa.tes.LoginTest" name="@AfterMethod tearDown" time="-1.742116804162E9">
    <skipped/>
  </testcase> <!-- @AfterMethod tearDown -->
  <testcase classname="com.selenium.qa.tes.LoginTest" name="@BeforeMethod setup" time="-1.742116804163E9">
    <skipped/>
  </testcase> <!-- @BeforeMethod setup -->
  <testcase classname="com.selenium.qa.tes.LoginTest" name="@AfterMethod tearDown" time="-1.742116804166E9">
    <skipped/>
  </testcase> <!-- @AfterMethod tearDown -->
  <testcase classname="com.selenium.qa.tes.LoginTest" name="@BeforeMethod setup" time="-1.742116804168E9">
    <skipped/>
  </testcase> <!-- @BeforeMethod setup -->
  <testcase classname="com.selenium.qa.tes.LoginTest" name="@AfterMethod tearDown" time="-1.74211680417E9">
    <skipped/>
  </testcase> <!-- @AfterMethod tearDown -->
  <testcase classname="com.selenium.qa.tes.LoginTest" name="@BeforeMethod setup" time="-1.742116804171E9">
    <skipped/>
  </testcase> <!-- @BeforeMethod setup -->
  <testcase classname="com.selenium.qa.tes.LoginTest" name="@AfterMethod tearDown" time="-1.742116804173E9">
    <skipped/>
  </testcase> <!-- @AfterMethod tearDown -->
  <testcase classname="com.selenium.qa.tes.LoginTest" name="@BeforeMethod setup" time="-1.742116804174E9">
    <skipped/>
  </testcase> <!-- @BeforeMethod setup -->
  <testcase classname="com.selenium.qa.tes.LoginTest" name="@AfterMethod tearDown" time="-1.742116804176E9">
    <skipped/>
  </testcase> <!-- @AfterMethod tearDown -->
  <testcase classname="com.selenium.qa.tes.LoginTest" name="validCred" time="0.0">
    <skipped/>
  </testcase> <!-- validCred -->
  <testcase classname="com.selenium.qa.tes.LoginTest" name="validCred" time="0.0">
    <skipped/>
  </testcase> <!-- validCred -->
  <testcase classname="com.selenium.qa.tes.LoginTest" name="validCred" time="0.0">
    <skipped/>
  </testcase> <!-- validCred -->
  <testcase classname="com.selenium.qa.tes.LoginTest" name="invalidCrede" time="0.0">
    <skipped/>
  </testcase> <!-- invalidCrede -->
  <testcase classname="com.selenium.qa.tes.LoginTest" name="invalidPasswordCrede" time="0.0">
    <skipped/>
  </testcase> <!-- invalidPasswordCrede -->
  <testcase classname="com.selenium.qa.tes.LoginTest" name="invalidEmailCrede" time="0.0">
    <skipped/>
  </testcase> <!-- invalidEmailCrede -->
</testsuite> <!-- firefox -->
