<?xml version="1.0" encoding="UTF-8"?>
<!-- Generated by org.testng.reporters.JUnitXMLReporter -->
<testsuite ignored="4" hostname="Poseidon" failures="1" tests="1" name="ParamterTest" time="0.371" errors="0" timestamp="2025-02-07T05:14:14 IST">
  <testcase classname="seleniumLearn.Revsion" name="takeScreenShot" time="0.036">
    <failure type="java.lang.NullPointerException" message="Cannot invoke &amp;quot;org.openqa.selenium.WebDriver.findElement(org.openqa.selenium.By)&amp;quot; because &amp;quot;driver&amp;quot; is null">
      <![CDATA[java.lang.NullPointerException: Cannot invoke "org.openqa.selenium.WebDriver.findElement(org.openqa.selenium.By)" because "driver" is null
at org.openqa.selenium.support.ui.ExpectedConditions$7.apply(ExpectedConditions.java:194)
at org.openqa.selenium.support.ui.ExpectedConditions$7.apply(ExpectedConditions.java:190)
at org.openqa.selenium.support.ui.FluentWait.until(FluentWait.java:203)
at seleniumLearn.Revsion.takeScreenShot(Revsion.java:63)
at java.base/java.util.ArrayList.forEach(ArrayList.java:1596)
at java.base/java.util.concurrent.FutureTask.run(FutureTask.java:317)
at java.base/java.util.concurrent.ThreadPoolExecutor.runWorker(ThreadPoolExecutor.java:1144)
at java.base/java.util.concurrent.ThreadPoolExecutor$Worker.run(ThreadPoolExecutor.java:642)
at java.base/java.lang.Thread.run(Thread.java:1583)
... Removed 16 stack frames]]>
    </failure>
  </testcase> <!-- takeScreenShot -->
  <testcase classname="seleniumLearn.Revsion" name="WebdriverMethods" time="0.0">
    <ignored/>
  </testcase> <!-- WebdriverMethods -->
  <testcase classname="seleniumLearn.Revsion" name="alert" time="0.0">
    <ignored/>
  </testcase> <!-- alert -->
  <testcase classname="seleniumLearn.Revsion" name="dropDown" time="0.0">
    <ignored/>
  </testcase> <!-- dropDown -->
  <testcase classname="seleniumLearn.Revsion" name="handleAuth" time="0.0">
    <ignored/>
  </testcase> <!-- handleAuth -->
</testsuite> <!-- ParamterTest -->
