<?xml version="1.0" encoding="UTF-8"?>
<!-- Generated by org.testng.reporters.JUnitXMLReporter -->
<testsuite ignored="9" hostname="Poseidon" failures="0" tests="1" name="Default test" time="17.561" errors="0" timestamp="2025-03-15T17:33:12 IST">
  <testcase classname="MultiThread.PracticeSelenium1" name="ChromeOptionFunctiosn" time="17.531"/>
  <testcase classname="MultiThread.PracticeSelenium1" name="handleAlerts" time="0.0">
    <ignored/>
  </testcase> <!-- handleAlerts -->
  <testcase classname="MultiThread.PracticeSelenium1" name="dynamicDrop" time="0.0">
    <ignored/>
  </testcase> <!-- dynamicDrop -->
  <testcase classname="MultiThread.PracticeSelenium1" name="handlingCheckBox" time="0.0">
    <ignored/>
  </testcase> <!-- handlingCheckBox -->
  <testcase classname="MultiThread.PracticeSelenium1" name="actions" time="0.0">
    <ignored/>
  </testcase> <!-- actions -->
  <testcase classname="MultiThread.PracticeSelenium1" name="staticTable" time="0.0">
    <ignored/>
  </testcase> <!-- staticTable -->
  <testcase classname="MultiThread.PracticeSelenium1" name="dropDown" time="0.0">
    <ignored/>
  </testcase> <!-- dropDown -->
  <testcase classname="MultiThread.PracticeSelenium1" name="dynamic" time="0.0">
    <ignored/>
  </testcase> <!-- dynamic -->
  <testcase classname="MultiThread.PracticeSelenium1" name="uplaodfiles" time="0.0">
    <ignored/>
  </testcase> <!-- uplaodfiles -->
  <testcase classname="MultiThread.PracticeSelenium1" name="scrrenshot" time="0.0">
    <ignored/>
  </testcase> <!-- scrrenshot -->
</testsuite> <!-- Default test -->
