<?xml version="1.0" encoding="UTF-8"?>
<!-- Generated by org.testng.reporters.JUnitReportReporter -->
<testsuite hostname="Poseidon" failures="0" tests="3" name="API.DynamicJson" time="3.058" errors="0" timestamp="2025-01-02T13:56:34 IST" skipped="0">
  <testcase classname="API.DynamicJson" name="dynamic" time="0.346"/>
  <system-out/>
  <testcase classname="API.DynamicJson" name="dynamic" time="2.303"/>
  <system-out/>
  <testcase classname="API.DynamicJson" name="dynamic" time="0.409"/>
  <system-out/>
</testsuite> <!-- API.DynamicJson -->
