<?xml version="1.0" encoding="UTF-8"?>
<!-- Generated by org.testng.reporters.JUnitXMLReporter -->
<testsuite ignored="0" hostname="Poseidon" failures="1" tests="6" name="Automation" time="39.713" errors="0" timestamp="2025-01-26T22:16:40 IST">
  <testcase classname="com.selenium.qa.tes.LoginTest" name="validCred" time="1.988"/>
  <testcase classname="com.selenium.qa.tes.LoginTest" name="validCred" time="1.858"/>
  <testcase classname="com.selenium.qa.tes.LoginTest" name="validCred" time="1.859"/>
  <testcase classname="com.selenium.qa.tes.LoginTest" name="invalidCrede" time="1.803"/>
  <testcase classname="com.selenium.qa.tes.LoginTest" name="invalidPasswordCrede" time="1.944"/>
  <testcase classname="com.selenium.qa.tes.LoginTest" name="invalidEmailCrede" time="1.874">
    <failure type="java.lang.AssertionError" message="expected:&amp;lt;Warning: No match for E-Mail Address and/or Password.&amp;gt; but was:&amp;lt;anupam&amp;gt;">
      <![CDATA[java.lang.AssertionError: expected:<Warning: No match for E-Mail Address and/or Password.> but was:<anupam>
at com.selenium.qa.tes.LoginTest.invalidEmailCrede(LoginTest.java:93)
at java.base/java.util.ArrayList.forEach(ArrayList.java:1596)
... Removed 31 stack frames]]>
    </failure>
  </testcase> <!-- invalidEmailCrede -->
</testsuite> <!-- Automation -->
