<?xml version="1.0" encoding="UTF-8"?>
<testng-results ignored="0" total="8" passed="7" failed="1" skipped="0">
  <reporter-output>
  </reporter-output>
  <suite started-at="2025-01-26T21:34:10 IST" name="Surefire suite" finished-at="2025-01-26T21:35:07 IST" duration-ms="56109">
    <groups>
    </groups>
    <test started-at="2025-01-26T21:34:10 IST" name="Surefire test" finished-at="2025-01-26T21:35:07 IST" duration-ms="56109">
      <class name="com.selenium.qa.tes.LoginTest">
        <test-method is-config="true" signature="setup(org.testng.ITestContext)[pri:0, instance:com.selenium.qa.tes.LoginTest@4802796d]" started-at="2025-01-26T21:34:12 IST" name="setup" finished-at="2025-01-26T21:34:16 IST" duration-ms="4771" status="PASS">
          <params>
            <param index="0">
              <value>
                <![CDATA[org.testng.TestRunner@4ed4a7e4]]>
              </value>
            </param>
          </params>
          <reporter-output>
          </reporter-output>
        </test-method> <!-- setup -->
        <test-method signature="validCred(java.lang.String,java.lang.String)[pri:1, instance:com.selenium.qa.tes.LoginTest@4802796d]" started-at="2025-01-26T21:34:16 IST" name="validCred" data-provider="data" finished-at="2025-01-26T21:34:18 IST" duration-ms="1884" status="PASS">
          <params>
            <param index="0">
              <value>
                <![CDATA[anupam9837@gmail.com]]>
              </value>
            </param>
            <param index="1">
              <value>
                <![CDATA[12345]]>
              </value>
            </param>
          </params>
          <reporter-output>
          </reporter-output>
        </test-method> <!-- validCred -->
        <test-method is-config="true" signature="tearDown()[pri:0, instance:com.selenium.qa.tes.LoginTest@4802796d]" started-at="2025-01-26T21:34:18 IST" name="tearDown" finished-at="2025-01-26T21:34:19 IST" duration-ms="742" status="PASS">
          <reporter-output>
          </reporter-output>
        </test-method> <!-- tearDown -->
        <test-method is-config="true" signature="setup(org.testng.ITestContext)[pri:0, instance:com.selenium.qa.tes.LoginTest@4802796d]" started-at="2025-01-26T21:34:19 IST" name="setup" finished-at="2025-01-26T21:34:23 IST" duration-ms="3675" status="PASS">
          <params>
            <param index="0">
              <value>
                <![CDATA[org.testng.TestRunner@4ed4a7e4]]>
              </value>
            </param>
          </params>
          <reporter-output>
          </reporter-output>
        </test-method> <!-- setup -->
        <test-method signature="validCred(java.lang.String,java.lang.String)[pri:1, instance:com.selenium.qa.tes.LoginTest@4802796d]" started-at="2025-01-26T21:34:23 IST" name="validCred" data-provider="data" finished-at="2025-01-26T21:34:25 IST" duration-ms="1847" status="PASS">
          <params>
            <param index="0">
              <value>
                <![CDATA[anupam983@gmail.com]]>
              </value>
            </param>
            <param index="1">
              <value>
                <![CDATA[12345]]>
              </value>
            </param>
          </params>
          <reporter-output>
          </reporter-output>
        </test-method> <!-- validCred -->
        <test-method is-config="true" signature="tearDown()[pri:0, instance:com.selenium.qa.tes.LoginTest@4802796d]" started-at="2025-01-26T21:34:25 IST" name="tearDown" finished-at="2025-01-26T21:34:25 IST" duration-ms="560" status="PASS">
          <reporter-output>
          </reporter-output>
        </test-method> <!-- tearDown -->
        <test-method is-config="true" signature="setup(org.testng.ITestContext)[pri:0, instance:com.selenium.qa.tes.LoginTest@4802796d]" started-at="2025-01-26T21:34:25 IST" name="setup" finished-at="2025-01-26T21:34:29 IST" duration-ms="3390" status="PASS">
          <params>
            <param index="0">
              <value>
                <![CDATA[org.testng.TestRunner@4ed4a7e4]]>
              </value>
            </param>
          </params>
          <reporter-output>
          </reporter-output>
        </test-method> <!-- setup -->
        <test-method signature="validCred(java.lang.String,java.lang.String)[pri:1, instance:com.selenium.qa.tes.LoginTest@4802796d]" started-at="2025-01-26T21:34:29 IST" name="validCred" data-provider="data" finished-at="2025-01-26T21:34:30 IST" duration-ms="1812" status="PASS">
          <params>
            <param index="0">
              <value>
                <![CDATA[anupam98@gmail.com]]>
              </value>
            </param>
            <param index="1">
              <value>
                <![CDATA[12345]]>
              </value>
            </param>
          </params>
          <reporter-output>
          </reporter-output>
        </test-method> <!-- validCred -->
        <test-method is-config="true" signature="tearDown()[pri:0, instance:com.selenium.qa.tes.LoginTest@4802796d]" started-at="2025-01-26T21:34:30 IST" name="tearDown" finished-at="2025-01-26T21:34:31 IST" duration-ms="632" status="PASS">
          <reporter-output>
          </reporter-output>
        </test-method> <!-- tearDown -->
        <test-method is-config="true" signature="setup(org.testng.ITestContext)[pri:0, instance:com.selenium.qa.tes.LoginTest@4802796d]" started-at="2025-01-26T21:34:31 IST" name="setup" finished-at="2025-01-26T21:34:34 IST" duration-ms="3394" status="PASS">
          <params>
            <param index="0">
              <value>
                <![CDATA[org.testng.TestRunner@4ed4a7e4]]>
              </value>
            </param>
          </params>
          <reporter-output>
          </reporter-output>
        </test-method> <!-- setup -->
        <test-method signature="invalidCrede()[pri:2, instance:com.selenium.qa.tes.LoginTest@4802796d]" started-at="2025-01-26T21:34:34 IST" name="invalidCrede" finished-at="2025-01-26T21:34:36 IST" duration-ms="1861" status="PASS">
          <reporter-output>
          </reporter-output>
        </test-method> <!-- invalidCrede -->
        <test-method is-config="true" signature="tearDown()[pri:0, instance:com.selenium.qa.tes.LoginTest@4802796d]" started-at="2025-01-26T21:34:36 IST" name="tearDown" finished-at="2025-01-26T21:34:37 IST" duration-ms="692" status="PASS">
          <reporter-output>
          </reporter-output>
        </test-method> <!-- tearDown -->
        <test-method is-config="true" signature="setup(org.testng.ITestContext)[pri:0, instance:com.selenium.qa.tes.LoginTest@4802796d]" started-at="2025-01-26T21:34:37 IST" name="setup" finished-at="2025-01-26T21:34:43 IST" duration-ms="6495" status="PASS">
          <params>
            <param index="0">
              <value>
                <![CDATA[org.testng.TestRunner@4ed4a7e4]]>
              </value>
            </param>
          </params>
          <reporter-output>
          </reporter-output>
        </test-method> <!-- setup -->
        <test-method signature="invalidPasswordCrede()[pri:3, instance:com.selenium.qa.tes.LoginTest@4802796d]" started-at="2025-01-26T21:34:43 IST" name="invalidPasswordCrede" finished-at="2025-01-26T21:34:46 IST" duration-ms="2136" status="PASS">
          <reporter-output>
          </reporter-output>
        </test-method> <!-- invalidPasswordCrede -->
        <test-method is-config="true" signature="tearDown()[pri:0, instance:com.selenium.qa.tes.LoginTest@4802796d]" started-at="2025-01-26T21:34:46 IST" name="tearDown" finished-at="2025-01-26T21:34:46 IST" duration-ms="656" status="PASS">
          <reporter-output>
          </reporter-output>
        </test-method> <!-- tearDown -->
        <test-method is-config="true" signature="setup(org.testng.ITestContext)[pri:0, instance:com.selenium.qa.tes.LoginTest@4802796d]" started-at="2025-01-26T21:34:46 IST" name="setup" finished-at="2025-01-26T21:34:50 IST" duration-ms="3725" status="PASS">
          <params>
            <param index="0">
              <value>
                <![CDATA[org.testng.TestRunner@4ed4a7e4]]>
              </value>
            </param>
          </params>
          <reporter-output>
          </reporter-output>
        </test-method> <!-- setup -->
        <test-method signature="invalidEmailCrede()[pri:4, instance:com.selenium.qa.tes.LoginTest@4802796d]" started-at="2025-01-26T21:34:50 IST" name="invalidEmailCrede" finished-at="2025-01-26T21:34:52 IST" duration-ms="1785" status="FAIL">
          <exception class="java.lang.AssertionError">
            <message>
              <![CDATA[expected:<Warning: No match for E-Mail Address and/or Password.> but was:<anupam>]]>
            </message>
            <full-stacktrace>
              <![CDATA[java.lang.AssertionError: expected:<Warning: No match for E-Mail Address and/or Password.> but was:<anupam>
at org.testng.AssertJUnit.assertEquals(AssertJUnit.java:115)
at org.testng.AssertJUnit.assertEquals(AssertJUnit.java:125)
at com.selenium.qa.tes.LoginTest.invalidEmailCrede(LoginTest.java:93)
at java.base/jdk.internal.reflect.DirectMethodHandleAccessor.invoke(DirectMethodHandleAccessor.java:103)
at java.base/java.lang.reflect.Method.invoke(Method.java:580)
at org.testng.internal.invokers.MethodInvocationHelper.invokeMethod(MethodInvocationHelper.java:139)
at org.testng.internal.invokers.TestInvoker.invokeMethod(TestInvoker.java:664)
at org.testng.internal.invokers.TestInvoker.invokeTestMethod(TestInvoker.java:228)
at org.testng.internal.invokers.MethodRunner.runInSequence(MethodRunner.java:63)
at org.testng.internal.invokers.TestInvoker$MethodInvocationAgent.invoke(TestInvoker.java:961)
at org.testng.internal.invokers.TestInvoker.invokeTestMethods(TestInvoker.java:201)
at org.testng.internal.invokers.TestMethodWorker.invokeTestMethods(TestMethodWorker.java:148)
at org.testng.internal.invokers.TestMethodWorker.run(TestMethodWorker.java:128)
at java.base/java.util.ArrayList.forEach(ArrayList.java:1596)
at org.testng.TestRunner.privateRun(TestRunner.java:819)
at org.testng.TestRunner.run(TestRunner.java:619)
at org.testng.SuiteRunner.runTest(SuiteRunner.java:443)
at org.testng.SuiteRunner.runSequentially(SuiteRunner.java:437)
at org.testng.SuiteRunner.privateRun(SuiteRunner.java:397)
at org.testng.SuiteRunner.run(SuiteRunner.java:336)
at org.testng.SuiteRunnerWorker.runSuite(SuiteRunnerWorker.java:52)
at org.testng.SuiteRunnerWorker.run(SuiteRunnerWorker.java:95)
at org.testng.TestNG.runSuitesSequentially(TestNG.java:1301)
at org.testng.TestNG.runSuitesLocally(TestNG.java:1228)
at org.testng.TestNG.runSuites(TestNG.java:1134)
at org.testng.TestNG.run(TestNG.java:1101)
at org.apache.maven.surefire.testng.TestNGExecutor.run(TestNGExecutor.java:155)
at org.apache.maven.surefire.testng.TestNGDirectoryTestSuite.executeMulti(TestNGDirectoryTestSuite.java:169)
at org.apache.maven.surefire.testng.TestNGDirectoryTestSuite.execute(TestNGDirectoryTestSuite.java:88)
at org.apache.maven.surefire.testng.TestNGProvider.invoke(TestNGProvider.java:137)
at org.apache.maven.surefire.booter.ForkedBooter.runSuitesInProcess(ForkedBooter.java:385)
at org.apache.maven.surefire.booter.ForkedBooter.execute(ForkedBooter.java:162)
at org.apache.maven.surefire.booter.ForkedBooter.run(ForkedBooter.java:507)
at org.apache.maven.surefire.booter.ForkedBooter.main(ForkedBooter.java:495)
]]>
            </full-stacktrace>
          </exception> <!-- java.lang.AssertionError -->
          <reporter-output>
          </reporter-output>
        </test-method> <!-- invalidEmailCrede -->
        <test-method is-config="true" signature="tearDown()[pri:0, instance:com.selenium.qa.tes.LoginTest@4802796d]" started-at="2025-01-26T21:34:52 IST" name="tearDown" finished-at="2025-01-26T21:34:52 IST" duration-ms="582" status="PASS">
          <reporter-output>
          </reporter-output>
        </test-method> <!-- tearDown -->
      </class> <!-- com.selenium.qa.tes.LoginTest -->
      <class name="com.selenium.qa.tes.RegisterTest">
        <test-method is-config="true" signature="setup()[pri:0, instance:com.selenium.qa.tes.RegisterTest@3fc2959f]" started-at="2025-01-26T21:34:52 IST" name="setup" finished-at="2025-01-26T21:34:56 IST" duration-ms="3153" status="PASS">
          <reporter-output>
          </reporter-output>
        </test-method> <!-- setup -->
        <test-method signature="validCredi()[pri:0, instance:com.selenium.qa.tes.RegisterTest@3fc2959f]" started-at="2025-01-26T21:34:56 IST" name="validCredi" finished-at="2025-01-26T21:34:59 IST" duration-ms="3127" status="PASS">
          <reporter-output>
          </reporter-output>
        </test-method> <!-- validCredi -->
        <test-method is-config="true" signature="tearDown()[pri:0, instance:com.selenium.qa.tes.RegisterTest@3fc2959f]" started-at="2025-01-26T21:34:59 IST" name="tearDown" finished-at="2025-01-26T21:34:59 IST" duration-ms="664" status="PASS">
          <reporter-output>
          </reporter-output>
        </test-method> <!-- tearDown -->
        <test-method is-config="true" signature="setup()[pri:0, instance:com.selenium.qa.tes.RegisterTest@3fc2959f]" started-at="2025-01-26T21:34:59 IST" name="setup" finished-at="2025-01-26T21:35:03 IST" duration-ms="3442" status="PASS">
          <reporter-output>
          </reporter-output>
        </test-method> <!-- setup -->
        <test-method signature="invalidcred()[pri:2, instance:com.selenium.qa.tes.RegisterTest@3fc2959f]" started-at="2025-01-26T21:35:03 IST" name="invalidcred" finished-at="2025-01-26T21:35:06 IST" duration-ms="3177" status="PASS">
          <reporter-output>
          </reporter-output>
        </test-method> <!-- invalidcred -->
        <test-method is-config="true" signature="tearDown()[pri:0, instance:com.selenium.qa.tes.RegisterTest@3fc2959f]" started-at="2025-01-26T21:35:06 IST" name="tearDown" finished-at="2025-01-26T21:35:07 IST" duration-ms="650" status="PASS">
          <reporter-output>
          </reporter-output>
        </test-method> <!-- tearDown -->
      </class> <!-- com.selenium.qa.tes.RegisterTest -->
    </test> <!-- Surefire test -->
  </suite> <!-- Surefire suite -->
</testng-results>
